16:10:52 INFO  : Registering command handlers for SDK TCF services
16:10:53 INFO  : Launching XSCT server: xsct.bat -interactive D:\SDK_LED_0\SDK_LED_0.sdk\temp_xsdb_launch_script.tcl
16:10:55 INFO  : XSCT server has started successfully.
16:10:55 INFO  : Successfully done setting XSCT server connection channel  
16:10:55 INFO  : Successfully done setting SDK workspace  
16:10:55 INFO  : Processing command line option -hwspec D:/SDK_LED_0/SDK_LED_0.sdk/design_1_wrapper.hdf.
16:12:00 INFO  : Connected to target on host '127.0.0.1' and port '3121'.
16:12:16 INFO  : Jtag cable 'Digilent JTAG-HS2 210249854606A' is selected.
16:12:16 INFO  : 'jtag frequency' command is executed.
16:12:16 INFO  : Sourcing of 'D:/SDK_LED_0/SDK_LED_0.sdk/design_1_wrapper_hw_platform_0/ps7_init.tcl' is done.
16:12:16 INFO  : Context for 'APU' is selected.
16:12:16 INFO  : System reset is completed.
16:12:19 INFO  : 'after 3000' command is executed.
16:12:22 INFO  : 'targets -set -filter {jtag_cable_name =~ "Digilent JTAG-HS2 210249854606A" && level==0} -index 1' command is executed.
16:12:26 INFO  : FPGA configured successfully with bitstream "D:/SDK_LED_0/SDK_LED_0.sdk/design_1_wrapper_hw_platform_0/design_1_wrapper.bit"
16:12:26 INFO  : Context for 'APU' is selected.
16:12:26 INFO  : Hardware design information is loaded from 'D:/SDK_LED_0/SDK_LED_0.sdk/design_1_wrapper_hw_platform_0/system.hdf'.
16:12:26 INFO  : 'configparams force-mem-access 1' command is executed.
16:12:26 INFO  : Context for 'APU' is selected.
16:12:26 INFO  : 'ps7_init' command is executed.
16:12:26 INFO  : 'ps7_post_config' command is executed.
16:12:26 INFO  : 'configparams force-mem-access 0' command is executed.
16:12:26 INFO  : ----------------XSDB Script----------------
connect -url tcp:127.0.0.1:3121
source D:/SDK_LED_0/SDK_LED_0.sdk/design_1_wrapper_hw_platform_0/ps7_init.tcl
targets -set -nocase -filter {name =~"APU*" && jtag_cable_name =~ "Digilent JTAG-HS2 210249854606A"} -index 0
rst -system
after 3000
targets -set -filter {jtag_cable_name =~ "Digilent JTAG-HS2 210249854606A" && level==0} -index 1
fpga -file D:/SDK_LED_0/SDK_LED_0.sdk/design_1_wrapper_hw_platform_0/design_1_wrapper.bit
targets -set -nocase -filter {name =~"APU*" && jtag_cable_name =~ "Digilent JTAG-HS2 210249854606A"} -index 0
loadhw -hw D:/SDK_LED_0/SDK_LED_0.sdk/design_1_wrapper_hw_platform_0/system.hdf -mem-ranges [list {0x40000000 0xbfffffff}]
configparams force-mem-access 1
targets -set -nocase -filter {name =~"APU*" && jtag_cable_name =~ "Digilent JTAG-HS2 210249854606A"} -index 0
ps7_init
ps7_post_config
configparams force-mem-access 0
----------------End of Script----------------

16:12:26 INFO  : Disconnected from the channel tcfchan#1.
16:13:52 INFO  : Connected to target on host '127.0.0.1' and port '3121'.
16:13:55 INFO  : ----------------XSDB Script----------------
connect -url tcp:127.0.0.1:3121
----------------End of Script----------------

16:14:07 INFO  : Connected to target on host '127.0.0.1' and port '3121'.
16:14:10 INFO  : 'targets -set -filter {jtag_cable_name =~ "Digilent JTAG-HS2 210249854606A" && level==0} -index 0' command is executed.
16:14:14 ERROR : fpga configuration failed. DONE PIN is not HIGH
16:14:31 INFO  : Connected to target on host '127.0.0.1' and port '3121'.
16:14:34 ERROR : no targets found with "jtag_cable_name =~ "Digilent JTAG-HS2 210249854606A" && level==0". available targets:
  1* xc7z020
16:15:50 INFO  : 'targets -set -filter {jtag_cable_name =~ "Digilent JTAG-HS2 210249854606A" && level==0} -index 1' command is executed.
16:15:50 INFO  : 'fpga -state' command is executed.
16:15:50 INFO  : Connected to target on host '127.0.0.1' and port '3121'.
16:16:03 INFO  : Jtag cable 'Digilent JTAG-HS2 210249854606A' is selected.
16:16:03 INFO  : 'jtag frequency' command is executed.
16:16:03 INFO  : Sourcing of 'D:/SDK_LED_0/SDK_LED_0.sdk/design_1_wrapper_hw_platform_0/ps7_init.tcl' is done.
16:16:03 INFO  : Context for 'APU' is selected.
16:16:03 INFO  : Hardware design information is loaded from 'D:/SDK_LED_0/SDK_LED_0.sdk/design_1_wrapper_hw_platform_0/system.hdf'.
16:16:03 INFO  : 'configparams force-mem-access 1' command is executed.
16:16:03 INFO  : Context for 'APU' is selected.
16:16:03 INFO  : 'stop' command is executed.
16:16:03 ERROR : Memory read error at 0xF8007080. AHB AP transaction error, DAP status f0000021
16:16:03 INFO  : ----------------XSDB Script----------------
connect -url tcp:127.0.0.1:3121
source D:/SDK_LED_0/SDK_LED_0.sdk/design_1_wrapper_hw_platform_0/ps7_init.tcl
targets -set -nocase -filter {name =~"APU*" && jtag_cable_name =~ "Digilent JTAG-HS2 210249854606A"} -index 0
loadhw -hw D:/SDK_LED_0/SDK_LED_0.sdk/design_1_wrapper_hw_platform_0/system.hdf -mem-ranges [list {0x40000000 0xbfffffff}]
configparams force-mem-access 1
targets -set -nocase -filter {name =~"APU*" && jtag_cable_name =~ "Digilent JTAG-HS2 210249854606A"} -index 0
stop
ps7_init
----------------End of Script----------------

16:16:28 INFO  : 'targets -set -filter {jtag_cable_name =~ "Digilent JTAG-HS2 210249854606A" && level==0} -index 1' command is executed.
16:16:28 INFO  : 'fpga -state' command is executed.
16:16:28 INFO  : Connected to target on host '127.0.0.1' and port '3121'.
16:16:40 INFO  : Jtag cable 'Digilent JTAG-HS2 210249854606A' is selected.
16:16:40 INFO  : 'jtag frequency' command is executed.
16:16:40 INFO  : Sourcing of 'D:/SDK_LED_0/SDK_LED_0.sdk/design_1_wrapper_hw_platform_0/ps7_init.tcl' is done.
16:16:40 INFO  : Context for 'APU' is selected.
16:16:40 INFO  : Hardware design information is loaded from 'D:/SDK_LED_0/SDK_LED_0.sdk/design_1_wrapper_hw_platform_0/system.hdf'.
16:16:40 INFO  : 'configparams force-mem-access 1' command is executed.
16:16:40 INFO  : Context for 'APU' is selected.
16:16:40 INFO  : 'stop' command is executed.
16:16:40 ERROR : AP transaction error, DAP status f0000021
16:16:40 INFO  : ----------------XSDB Script----------------
connect -url tcp:127.0.0.1:3121
source D:/SDK_LED_0/SDK_LED_0.sdk/design_1_wrapper_hw_platform_0/ps7_init.tcl
targets -set -nocase -filter {name =~"APU*" && jtag_cable_name =~ "Digilent JTAG-HS2 210249854606A"} -index 0
loadhw -hw D:/SDK_LED_0/SDK_LED_0.sdk/design_1_wrapper_hw_platform_0/system.hdf -mem-ranges [list {0x40000000 0xbfffffff}]
configparams force-mem-access 1
targets -set -nocase -filter {name =~"APU*" && jtag_cable_name =~ "Digilent JTAG-HS2 210249854606A"} -index 0
stop
ps7_init
----------------End of Script----------------

16:18:14 INFO  : 'targets -set -filter {jtag_cable_name =~ "Digilent JTAG-HS2 210249854606A" && level==0} -index 1' command is executed.
16:18:14 INFO  : 'fpga -state' command is executed.
16:18:14 INFO  : Connected to target on host '127.0.0.1' and port '3121'.
16:18:26 INFO  : Jtag cable 'Digilent JTAG-HS2 210249854606A' is selected.
16:18:26 INFO  : 'jtag frequency' command is executed.
16:18:26 INFO  : Sourcing of 'D:/SDK_LED_0/SDK_LED_0.sdk/design_1_wrapper_hw_platform_0/ps7_init.tcl' is done.
16:18:26 INFO  : Context for 'APU' is selected.
16:18:26 INFO  : Hardware design information is loaded from 'D:/SDK_LED_0/SDK_LED_0.sdk/design_1_wrapper_hw_platform_0/system.hdf'.
16:18:26 INFO  : 'configparams force-mem-access 1' command is executed.
16:18:26 INFO  : Context for 'APU' is selected.
16:18:26 INFO  : 'stop' command is executed.
16:18:26 ERROR : AP transaction error, DAP status f0000021
16:18:26 INFO  : ----------------XSDB Script----------------
connect -url tcp:127.0.0.1:3121
source D:/SDK_LED_0/SDK_LED_0.sdk/design_1_wrapper_hw_platform_0/ps7_init.tcl
targets -set -nocase -filter {name =~"APU*" && jtag_cable_name =~ "Digilent JTAG-HS2 210249854606A"} -index 0
loadhw -hw D:/SDK_LED_0/SDK_LED_0.sdk/design_1_wrapper_hw_platform_0/system.hdf -mem-ranges [list {0x40000000 0xbfffffff}]
configparams force-mem-access 1
targets -set -nocase -filter {name =~"APU*" && jtag_cable_name =~ "Digilent JTAG-HS2 210249854606A"} -index 0
stop
ps7_init
----------------End of Script----------------

16:18:40 INFO  : Connected to target on host '127.0.0.1' and port '3121'.
16:18:55 INFO  : Jtag cable 'Digilent JTAG-HS2 210249854606A' is selected.
16:18:56 INFO  : 'jtag frequency' command is executed.
16:18:56 INFO  : Sourcing of 'D:/SDK_LED_0/SDK_LED_0.sdk/design_1_wrapper_hw_platform_0/ps7_init.tcl' is done.
16:18:56 INFO  : Context for 'APU' is selected.
16:18:56 ERROR : AP transaction error, DAP status f0000021
16:18:56 INFO  : ----------------XSDB Script----------------
connect -url tcp:127.0.0.1:3121
source D:/SDK_LED_0/SDK_LED_0.sdk/design_1_wrapper_hw_platform_0/ps7_init.tcl
targets -set -nocase -filter {name =~"APU*" && jtag_cable_name =~ "Digilent JTAG-HS2 210249854606A"} -index 0
rst -system
after 3000
----------------End of Script----------------

16:22:03 INFO  : Connected to target on host '127.0.0.1' and port '3121'.
16:22:18 INFO  : Jtag cable 'Digilent JTAG-HS2 210249854606A' is selected.
16:22:18 INFO  : 'jtag frequency' command is executed.
16:22:18 INFO  : Sourcing of 'D:/SDK_LED_0/SDK_LED_0.sdk/design_1_wrapper_hw_platform_0/ps7_init.tcl' is done.
16:22:18 INFO  : Context for 'APU' is selected.
16:22:18 ERROR : AP transaction error, DAP status f0000021
16:22:18 INFO  : ----------------XSDB Script----------------
connect -url tcp:127.0.0.1:3121
source D:/SDK_LED_0/SDK_LED_0.sdk/design_1_wrapper_hw_platform_0/ps7_init.tcl
targets -set -nocase -filter {name =~"APU*" && jtag_cable_name =~ "Digilent JTAG-HS2 210249854606A"} -index 0
rst -system
after 3000
----------------End of Script----------------

16:23:10 INFO  : Registering command handlers for SDK TCF services
16:23:10 INFO  : Launching XSCT server: xsct.bat -interactive D:\SDK_LED_0\SDK_LED_0.sdk\temp_xsdb_launch_script.tcl
16:23:12 INFO  : XSCT server has started successfully.
16:23:12 INFO  : Successfully done setting XSCT server connection channel  
16:23:12 INFO  : Successfully done setting SDK workspace  
16:23:12 INFO  : Processing command line option -hwspec D:/SDK_LED_0/SDK_LED_0.sdk/design_1_wrapper.hdf.
16:23:12 INFO  : Checking for hwspec changes in the project design_1_wrapper_hw_platform_0.
16:23:24 INFO  : Connected to target on host '127.0.0.1' and port '3121'.
16:23:39 INFO  : Jtag cable 'Digilent JTAG-HS2 210249854606A' is selected.
16:23:39 INFO  : 'jtag frequency' command is executed.
16:23:39 INFO  : Sourcing of 'D:/SDK_LED_0/SDK_LED_0.sdk/design_1_wrapper_hw_platform_0/ps7_init.tcl' is done.
16:23:42 ERROR : no targets found with "name =~"APU*" && jtag_cable_name =~ "Digilent JTAG-HS2 210249854606A"". available targets:
  1  DAP (JTAG port open error. AP transaction error, DAP status 30000021)
  2  xc7z020
16:23:42 INFO  : ----------------XSDB Script----------------
connect -url tcp:127.0.0.1:3121
source D:/SDK_LED_0/SDK_LED_0.sdk/design_1_wrapper_hw_platform_0/ps7_init.tcl
targets -set -nocase -filter {name =~"APU*" && jtag_cable_name =~ "Digilent JTAG-HS2 210249854606A"} -index 0
----------------End of Script----------------

16:24:01 INFO  : Connected to target on host '127.0.0.1' and port '3121'.
16:24:01 INFO  : Jtag cable 'Digilent JTAG-HS2 210249854606A' is selected.
16:24:01 INFO  : 'jtag frequency' command is executed.
16:24:01 INFO  : Sourcing of 'D:/SDK_LED_0/SDK_LED_0.sdk/design_1_wrapper_hw_platform_0/ps7_init.tcl' is done.
16:24:04 ERROR : no targets found with "name =~"APU*" && jtag_cable_name =~ "Digilent JTAG-HS2 210249854606A"". available targets:
  1  DAP (JTAG port open error. AP transaction error, DAP status 30000021)
  2  xc7z020
16:24:04 INFO  : ----------------XSDB Script----------------
connect -url tcp:127.0.0.1:3121
source D:/SDK_LED_0/SDK_LED_0.sdk/design_1_wrapper_hw_platform_0/ps7_init.tcl
targets -set -nocase -filter {name =~"APU*" && jtag_cable_name =~ "Digilent JTAG-HS2 210249854606A"} -index 0
----------------End of Script----------------

16:24:37 INFO  : Connected to target on host '127.0.0.1' and port '3121'.
16:24:52 INFO  : Jtag cable 'Digilent JTAG-HS2 210249854606A' is selected.
16:24:52 INFO  : 'jtag frequency' command is executed.
16:24:52 INFO  : Sourcing of 'D:/SDK_LED_0/SDK_LED_0.sdk/design_1_wrapper_hw_platform_0/ps7_init.tcl' is done.
16:24:52 INFO  : Context for 'APU' is selected.
16:24:53 INFO  : System reset is completed.
16:24:56 INFO  : 'after 3000' command is executed.
16:24:59 INFO  : 'targets -set -filter {jtag_cable_name =~ "Digilent JTAG-HS2 210249854606A" && level==0} -index 1' command is executed.
16:25:02 INFO  : FPGA configured successfully with bitstream "D:/SDK_LED_0/SDK_LED_0.sdk/design_1_wrapper_hw_platform_0/design_1_wrapper.bit"
16:25:02 INFO  : Context for 'APU' is selected.
16:25:02 INFO  : Hardware design information is loaded from 'D:/SDK_LED_0/SDK_LED_0.sdk/design_1_wrapper_hw_platform_0/system.hdf'.
16:25:02 INFO  : 'configparams force-mem-access 1' command is executed.
16:25:02 INFO  : Context for 'APU' is selected.
16:25:03 INFO  : 'ps7_init' command is executed.
16:25:03 INFO  : 'ps7_post_config' command is executed.
16:25:03 INFO  : 'configparams force-mem-access 0' command is executed.
16:25:03 INFO  : ----------------XSDB Script----------------
connect -url tcp:127.0.0.1:3121
source D:/SDK_LED_0/SDK_LED_0.sdk/design_1_wrapper_hw_platform_0/ps7_init.tcl
targets -set -nocase -filter {name =~"APU*" && jtag_cable_name =~ "Digilent JTAG-HS2 210249854606A"} -index 0
rst -system
after 3000
targets -set -filter {jtag_cable_name =~ "Digilent JTAG-HS2 210249854606A" && level==0} -index 1
fpga -file D:/SDK_LED_0/SDK_LED_0.sdk/design_1_wrapper_hw_platform_0/design_1_wrapper.bit
targets -set -nocase -filter {name =~"APU*" && jtag_cable_name =~ "Digilent JTAG-HS2 210249854606A"} -index 0
loadhw -hw D:/SDK_LED_0/SDK_LED_0.sdk/design_1_wrapper_hw_platform_0/system.hdf -mem-ranges [list {0x40000000 0xbfffffff}]
configparams force-mem-access 1
targets -set -nocase -filter {name =~"APU*" && jtag_cable_name =~ "Digilent JTAG-HS2 210249854606A"} -index 0
ps7_init
ps7_post_config
configparams force-mem-access 0
----------------End of Script----------------

16:25:03 INFO  : Disconnected from the channel tcfchan#1.
16:25:35 INFO  : Connected to target on host '127.0.0.1' and port '3121'.
16:25:51 INFO  : Jtag cable 'Digilent JTAG-HS2 210249854606A' is selected.
16:25:51 INFO  : 'jtag frequency' command is executed.
16:25:51 INFO  : Sourcing of 'D:/SDK_LED_0/SDK_LED_0.sdk/design_1_wrapper_hw_platform_0/ps7_init.tcl' is done.
16:25:51 INFO  : Context for 'APU' is selected.
16:25:51 INFO  : System reset is completed.
16:25:54 INFO  : 'after 3000' command is executed.
16:25:57 INFO  : 'targets -set -filter {jtag_cable_name =~ "Digilent JTAG-HS2 210249854606A" && level==0} -index 1' command is executed.
16:26:00 INFO  : FPGA configured successfully with bitstream "D:/SDK_LED_0/SDK_LED_0.sdk/design_1_wrapper_hw_platform_0/design_1_wrapper.bit"
16:26:00 INFO  : Context for 'APU' is selected.
16:26:02 INFO  : Hardware design information is loaded from 'D:/SDK_LED_0/SDK_LED_0.sdk/design_1_wrapper_hw_platform_0/system.hdf'.
16:26:02 INFO  : 'configparams force-mem-access 1' command is executed.
16:26:02 INFO  : Context for 'APU' is selected.
16:26:02 INFO  : 'ps7_init' command is executed.
16:26:02 INFO  : 'ps7_post_config' command is executed.
16:26:02 INFO  : 'configparams force-mem-access 0' command is executed.
16:26:02 INFO  : ----------------XSDB Script----------------
connect -url tcp:127.0.0.1:3121
source D:/SDK_LED_0/SDK_LED_0.sdk/design_1_wrapper_hw_platform_0/ps7_init.tcl
targets -set -nocase -filter {name =~"APU*" && jtag_cable_name =~ "Digilent JTAG-HS2 210249854606A"} -index 0
rst -system
after 3000
targets -set -filter {jtag_cable_name =~ "Digilent JTAG-HS2 210249854606A" && level==0} -index 1
fpga -file D:/SDK_LED_0/SDK_LED_0.sdk/design_1_wrapper_hw_platform_0/design_1_wrapper.bit
targets -set -nocase -filter {name =~"APU*" && jtag_cable_name =~ "Digilent JTAG-HS2 210249854606A"} -index 0
loadhw -hw D:/SDK_LED_0/SDK_LED_0.sdk/design_1_wrapper_hw_platform_0/system.hdf -mem-ranges [list {0x40000000 0xbfffffff}]
configparams force-mem-access 1
targets -set -nocase -filter {name =~"APU*" && jtag_cable_name =~ "Digilent JTAG-HS2 210249854606A"} -index 0
ps7_init
ps7_post_config
configparams force-mem-access 0
----------------End of Script----------------

16:26:02 INFO  : Disconnected from the channel tcfchan#2.
16:26:39 INFO  : Connected to target on host '127.0.0.1' and port '3121'.
16:26:55 INFO  : Jtag cable 'Digilent JTAG-HS2 210249854606A' is selected.
16:26:55 INFO  : 'jtag frequency' command is executed.
16:26:55 INFO  : Sourcing of 'D:/SDK_LED_0/SDK_LED_0.sdk/design_1_wrapper_hw_platform_0/ps7_init.tcl' is done.
16:26:55 INFO  : Context for 'APU' is selected.
16:26:55 INFO  : System reset is completed.
16:26:58 INFO  : 'after 3000' command is executed.
16:27:01 INFO  : 'targets -set -filter {jtag_cable_name =~ "Digilent JTAG-HS2 210249854606A" && level==0} -index 1' command is executed.
16:27:04 INFO  : FPGA configured successfully with bitstream "D:/SDK_LED_0/SDK_LED_0.sdk/design_1_wrapper_hw_platform_0/design_1_wrapper.bit"
16:27:04 INFO  : Context for 'APU' is selected.
16:27:06 INFO  : Hardware design information is loaded from 'D:/SDK_LED_0/SDK_LED_0.sdk/design_1_wrapper_hw_platform_0/system.hdf'.
16:27:06 INFO  : 'configparams force-mem-access 1' command is executed.
16:27:06 INFO  : Context for 'APU' is selected.
16:27:06 INFO  : 'ps7_init' command is executed.
16:27:06 INFO  : 'ps7_post_config' command is executed.
16:27:06 INFO  : 'configparams force-mem-access 0' command is executed.
16:27:06 INFO  : ----------------XSDB Script----------------
connect -url tcp:127.0.0.1:3121
source D:/SDK_LED_0/SDK_LED_0.sdk/design_1_wrapper_hw_platform_0/ps7_init.tcl
targets -set -nocase -filter {name =~"APU*" && jtag_cable_name =~ "Digilent JTAG-HS2 210249854606A"} -index 0
rst -system
after 3000
targets -set -filter {jtag_cable_name =~ "Digilent JTAG-HS2 210249854606A" && level==0} -index 1
fpga -file D:/SDK_LED_0/SDK_LED_0.sdk/design_1_wrapper_hw_platform_0/design_1_wrapper.bit
targets -set -nocase -filter {name =~"APU*" && jtag_cable_name =~ "Digilent JTAG-HS2 210249854606A"} -index 0
loadhw -hw D:/SDK_LED_0/SDK_LED_0.sdk/design_1_wrapper_hw_platform_0/system.hdf -mem-ranges [list {0x40000000 0xbfffffff}]
configparams force-mem-access 1
targets -set -nocase -filter {name =~"APU*" && jtag_cable_name =~ "Digilent JTAG-HS2 210249854606A"} -index 0
ps7_init
ps7_post_config
configparams force-mem-access 0
----------------End of Script----------------

16:27:06 INFO  : Disconnected from the channel tcfchan#3.
16:27:15 INFO  : Connected to target on host '127.0.0.1' and port '3121'.
16:27:18 INFO  : ----------------XSDB Script----------------
connect -url tcp:127.0.0.1:3121
----------------End of Script----------------

16:27:24 INFO  : Connected to target on host '127.0.0.1' and port '3121'.
16:27:27 INFO  : ----------------XSDB Script----------------
connect -url tcp:127.0.0.1:3121
----------------End of Script----------------

16:44:08 INFO  : Connected to target on host '127.0.0.1' and port '3121'.
16:44:11 INFO  : ----------------XSDB Script----------------
connect -url tcp:127.0.0.1:3121
----------------End of Script----------------

16:44:55 INFO  : Connected to target on host '127.0.0.1' and port '3121'.
16:44:58 INFO  : ----------------XSDB Script----------------
connect -url tcp:127.0.0.1:3121
----------------End of Script----------------

16:45:16 INFO  : Connected to target on host '127.0.0.1' and port '3121'.
16:45:19 INFO  : ----------------XSDB Script----------------
connect -url tcp:127.0.0.1:3121
----------------End of Script----------------

16:45:57 INFO  : 'targets -set -filter {jtag_cable_name =~ "Digilent JTAG-HS2 210249854606A" && level==0} -index 1' command is executed.
16:45:57 INFO  : 'fpga -state' command is executed.
16:45:57 INFO  : Connected to target on host '127.0.0.1' and port '3121'.
16:46:09 INFO  : Jtag cable 'Digilent JTAG-HS2 210249854606A' is selected.
16:46:09 INFO  : 'jtag frequency' command is executed.
16:46:09 INFO  : Sourcing of 'D:/SDK_LED_0/SDK_LED_0.sdk/design_1_wrapper_hw_platform_0/ps7_init.tcl' is done.
16:46:09 INFO  : Context for 'APU' is selected.
16:46:11 INFO  : Hardware design information is loaded from 'D:/SDK_LED_0/SDK_LED_0.sdk/design_1_wrapper_hw_platform_0/system.hdf'.
16:46:11 INFO  : 'configparams force-mem-access 1' command is executed.
16:46:11 INFO  : Context for 'APU' is selected.
16:46:11 INFO  : 'stop' command is executed.
16:46:11 ERROR : Memory read error at 0xF8007080. AHB AP transaction error, DAP status f0000021
16:46:11 INFO  : ----------------XSDB Script----------------
connect -url tcp:127.0.0.1:3121
source D:/SDK_LED_0/SDK_LED_0.sdk/design_1_wrapper_hw_platform_0/ps7_init.tcl
targets -set -nocase -filter {name =~"APU*" && jtag_cable_name =~ "Digilent JTAG-HS2 210249854606A"} -index 0
loadhw -hw D:/SDK_LED_0/SDK_LED_0.sdk/design_1_wrapper_hw_platform_0/system.hdf -mem-ranges [list {0x40000000 0xbfffffff}]
configparams force-mem-access 1
targets -set -nocase -filter {name =~"APU*" && jtag_cable_name =~ "Digilent JTAG-HS2 210249854606A"} -index 0
stop
ps7_init
----------------End of Script----------------

16:49:14 INFO  : Connected to target on host '127.0.0.1' and port '3121'.
16:49:29 INFO  : Jtag cable 'Digilent JTAG-HS2 210249854606A' is selected.
16:49:29 INFO  : 'jtag frequency' command is executed.
16:49:29 INFO  : Sourcing of 'D:/SDK_LED_0/SDK_LED_0.sdk/design_1_wrapper_hw_platform_0/ps7_init.tcl' is done.
16:49:32 ERROR : no targets found with "name =~"APU*" && jtag_cable_name =~ "Digilent JTAG-HS2 210249854606A"". available targets:
  1* DAP (JTAG port open error. AP transaction error, DAP status 30000021)
  4  xc7z020
16:49:32 INFO  : ----------------XSDB Script----------------
connect -url tcp:127.0.0.1:3121
source D:/SDK_LED_0/SDK_LED_0.sdk/design_1_wrapper_hw_platform_0/ps7_init.tcl
targets -set -nocase -filter {name =~"APU*" && jtag_cable_name =~ "Digilent JTAG-HS2 210249854606A"} -index 0
----------------End of Script----------------

16:50:28 INFO  : Connected to target on host '127.0.0.1' and port '3121'.
16:50:32 INFO  : ----------------XSDB Script----------------
connect -url tcp:127.0.0.1:3121
----------------End of Script----------------

16:50:36 INFO  : Connected to target on host '127.0.0.1' and port '3121'.
16:50:39 INFO  : ----------------XSDB Script----------------
connect -url tcp:127.0.0.1:3121
----------------End of Script----------------

16:50:46 INFO  : Connected to target on host '127.0.0.1' and port '3121'.
16:50:49 INFO  : ----------------XSDB Script----------------
connect -url tcp:127.0.0.1:3121
----------------End of Script----------------

16:51:00 INFO  : Connected to target on host '127.0.0.1' and port '3121'.
16:51:15 INFO  : Jtag cable 'Digilent JTAG-HS2 210249854606A' is selected.
16:51:15 INFO  : 'jtag frequency' command is executed.
16:51:15 INFO  : Sourcing of 'D:/SDK_LED_0/SDK_LED_0.sdk/design_1_wrapper_hw_platform_0/ps7_init.tcl' is done.
16:51:16 INFO  : Context for 'APU' is selected.
16:51:46 INFO  : System reset is completed.
16:51:49 INFO  : 'after 3000' command is executed.
16:51:53 ERROR : no targets found with "jtag_cable_name =~ "Digilent JTAG-HS2 210249854606A" && level==0". available targets:
  4  xc7z020
16:51:53 ERROR : Exception occured while running Program FPGA.
java.lang.RuntimeException: no targets found with "jtag_cable_name =~ "Digilent JTAG-HS2 210249854606A" && level==0". available targets:
  4  xc7z020
16:51:53 INFO  : ----------------XSDB Script----------------
connect -url tcp:127.0.0.1:3121
source D:/SDK_LED_0/SDK_LED_0.sdk/design_1_wrapper_hw_platform_0/ps7_init.tcl
targets -set -nocase -filter {name =~"APU*" && jtag_cable_name =~ "Digilent JTAG-HS2 210249854606A"} -index 0
rst -system
after 3000
----------------End of Script----------------

16:52:52 INFO  : Connected to target on host '127.0.0.1' and port '3121'.
16:52:56 INFO  : ----------------XSDB Script----------------
connect -url tcp:127.0.0.1:3121
----------------End of Script----------------

16:53:09 INFO  : Connected to target on host '127.0.0.1' and port '3121'.
16:53:24 INFO  : Jtag cable 'Digilent JTAG-HS2 210249854606A' is selected.
16:53:24 INFO  : 'jtag frequency' command is executed.
16:53:24 INFO  : Sourcing of 'D:/SDK_LED_0/SDK_LED_0.sdk/design_1_wrapper_hw_platform_0/ps7_init.tcl' is done.
16:53:24 INFO  : Context for 'APU' is selected.
16:53:24 ERROR : AP transaction error, DAP status f0000021
16:53:24 INFO  : ----------------XSDB Script----------------
connect -url tcp:127.0.0.1:3121
source D:/SDK_LED_0/SDK_LED_0.sdk/design_1_wrapper_hw_platform_0/ps7_init.tcl
targets -set -nocase -filter {name =~"APU*" && jtag_cable_name =~ "Digilent JTAG-HS2 210249854606A"} -index 0
rst -system
after 3000
----------------End of Script----------------

16:53:47 INFO  : Connected to target on host '127.0.0.1' and port '3121'.
16:54:02 INFO  : Jtag cable 'Digilent JTAG-HS2 210249854606A' is selected.
16:54:02 INFO  : 'jtag frequency' command is executed.
16:54:02 INFO  : Sourcing of 'D:/SDK_LED_0/SDK_LED_0.sdk/design_1_wrapper_hw_platform_0/ps7_init.tcl' is done.
16:54:02 INFO  : Context for 'APU' is selected.
16:54:02 INFO  : System reset is completed.
16:54:05 INFO  : 'after 3000' command is executed.
16:54:08 INFO  : 'targets -set -filter {jtag_cable_name =~ "Digilent JTAG-HS2 210249854606A" && level==0} -index 1' command is executed.
16:54:12 INFO  : FPGA configured successfully with bitstream "D:/SDK_LED_0/SDK_LED_0.sdk/design_1_wrapper_hw_platform_0/design_1_wrapper.bit"
16:54:12 INFO  : Context for 'APU' is selected.
16:54:12 INFO  : Hardware design information is loaded from 'D:/SDK_LED_0/SDK_LED_0.sdk/design_1_wrapper_hw_platform_0/system.hdf'.
16:54:12 INFO  : 'configparams force-mem-access 1' command is executed.
16:54:12 INFO  : Context for 'APU' is selected.
16:54:12 INFO  : 'ps7_init' command is executed.
16:54:12 INFO  : 'ps7_post_config' command is executed.
16:54:12 INFO  : 'configparams force-mem-access 0' command is executed.
16:54:12 INFO  : ----------------XSDB Script----------------
connect -url tcp:127.0.0.1:3121
source D:/SDK_LED_0/SDK_LED_0.sdk/design_1_wrapper_hw_platform_0/ps7_init.tcl
targets -set -nocase -filter {name =~"APU*" && jtag_cable_name =~ "Digilent JTAG-HS2 210249854606A"} -index 0
rst -system
after 3000
targets -set -filter {jtag_cable_name =~ "Digilent JTAG-HS2 210249854606A" && level==0} -index 1
fpga -file D:/SDK_LED_0/SDK_LED_0.sdk/design_1_wrapper_hw_platform_0/design_1_wrapper.bit
targets -set -nocase -filter {name =~"APU*" && jtag_cable_name =~ "Digilent JTAG-HS2 210249854606A"} -index 0
loadhw -hw D:/SDK_LED_0/SDK_LED_0.sdk/design_1_wrapper_hw_platform_0/system.hdf -mem-ranges [list {0x40000000 0xbfffffff}]
configparams force-mem-access 1
targets -set -nocase -filter {name =~"APU*" && jtag_cable_name =~ "Digilent JTAG-HS2 210249854606A"} -index 0
ps7_init
ps7_post_config
configparams force-mem-access 0
----------------End of Script----------------

16:54:12 INFO  : Disconnected from the channel tcfchan#4.
16:54:34 INFO  : Connected to target on host '127.0.0.1' and port '3121'.
16:54:37 INFO  : ----------------XSDB Script----------------
connect -url tcp:127.0.0.1:3121
----------------End of Script----------------

16:55:00 INFO  : Connected to target on host '127.0.0.1' and port '3121'.
16:55:03 INFO  : ----------------XSDB Script----------------
connect -url tcp:127.0.0.1:3121
----------------End of Script----------------

16:59:16 INFO  : Registering command handlers for SDK TCF services
16:59:17 INFO  : Launching XSCT server: xsct.bat -interactive D:\SDK_LED_0\SDK_LED_0.sdk\temp_xsdb_launch_script.tcl
16:59:20 INFO  : XSCT server has started successfully.
16:59:20 INFO  : Successfully done setting XSCT server connection channel  
16:59:22 INFO  : Successfully done setting SDK workspace  
16:59:22 INFO  : Processing command line option -hwspec D:/SDK_LED_0/SDK_LED_0.sdk/design_1_wrapper.hdf.
16:59:22 INFO  : Checking for hwspec changes in the project design_1_wrapper_hw_platform_0.
16:59:26 INFO  : SDK has detected change in the last modified timestamps for source hardware specification file Source:1650617925876,  Project:1650615035138
16:59:26 INFO  : The hardware specification for project 'design_1_wrapper_hw_platform_0' is different from D:/SDK_LED_0/SDK_LED_0.sdk/design_1_wrapper.hdf.
16:59:26 INFO  : Copied contents of D:/SDK_LED_0/SDK_LED_0.sdk/design_1_wrapper.hdf into \design_1_wrapper_hw_platform_0\system.hdf.
16:59:28 INFO  : Synchronizing projects in the workspace with the hardware platform specification changes.
16:59:32 INFO  : 
16:59:33 INFO  : Updating hardware inferred compiler options for test_SDK.
16:59:33 INFO  : Clearing existing target manager status.
16:59:42 INFO  : Connected to target on host '127.0.0.1' and port '3121'.
16:59:45 INFO  : 'targets -set -filter {jtag_cable_name =~ "Digilent JTAG-HS2 210249854606A" && level==0} -index 0' command is executed.
16:59:49 ERROR : fpga configuration failed. DONE PIN is not HIGH
17:00:09 INFO  : Connected to target on host '127.0.0.1' and port '3121'.
17:00:09 ERROR : no targets found with "jtag_cable_name =~ "Digilent JTAG-HS2 210249854606A" && level==0". available targets:
  1* xc7z020
17:00:14 INFO  : Connected to target on host '127.0.0.1' and port '3121'.
17:00:17 ERROR : no targets found with "jtag_cable_name =~ "Digilent JTAG-HS2 210249854606A" && level==0". available targets:
  1* xc7z020
17:00:43 INFO  : 'targets -set -filter {jtag_cable_name =~ "Digilent JTAG-HS2 210249854606A" && level==0} -index 1' command is executed.
17:00:43 INFO  : 'fpga -state' command is executed.
17:00:43 INFO  : Connected to target on host '127.0.0.1' and port '3121'.
17:01:01 INFO  : Jtag cable 'Digilent JTAG-HS2 210249854606A' is selected.
17:01:01 INFO  : 'jtag frequency' command is executed.
17:01:01 INFO  : Sourcing of 'D:/SDK_LED_0/SDK_LED_0.sdk/design_1_wrapper_hw_platform_0/ps7_init.tcl' is done.
17:01:01 INFO  : Context for 'APU' is selected.
17:01:01 INFO  : Hardware design information is loaded from 'D:/SDK_LED_0/SDK_LED_0.sdk/design_1_wrapper_hw_platform_0/system.hdf'.
17:01:01 INFO  : 'configparams force-mem-access 1' command is executed.
17:01:01 INFO  : Context for 'APU' is selected.
17:01:02 INFO  : 'stop' command is executed.
17:01:02 ERROR : Memory read error at 0xF8007080. AHB AP transaction error, DAP status f0000021
17:01:02 INFO  : ----------------XSDB Script----------------
connect -url tcp:127.0.0.1:3121
source D:/SDK_LED_0/SDK_LED_0.sdk/design_1_wrapper_hw_platform_0/ps7_init.tcl
targets -set -nocase -filter {name =~"APU*" && jtag_cable_name =~ "Digilent JTAG-HS2 210249854606A"} -index 0
loadhw -hw D:/SDK_LED_0/SDK_LED_0.sdk/design_1_wrapper_hw_platform_0/system.hdf -mem-ranges [list {0x40000000 0xbfffffff}]
configparams force-mem-access 1
targets -set -nocase -filter {name =~"APU*" && jtag_cable_name =~ "Digilent JTAG-HS2 210249854606A"} -index 0
stop
ps7_init
----------------End of Script----------------

17:34:23 INFO  : Registering command handlers for SDK TCF services
17:34:23 INFO  : Launching XSCT server: xsct.bat -interactive D:\SDK_LED_0\SDK_LED_0.sdk\temp_xsdb_launch_script.tcl
17:34:26 INFO  : XSCT server has started successfully.
17:34:26 INFO  : Successfully done setting XSCT server connection channel  
17:34:26 INFO  : Successfully done setting SDK workspace  
17:34:26 INFO  : Processing command line option -hwspec D:/SDK_LED_0/SDK_LED_0.sdk/design_1_wrapper.hdf.
17:34:26 INFO  : Checking for hwspec changes in the project design_1_wrapper_hw_platform_0.
17:34:59 INFO  : Connected to target on host '127.0.0.1' and port '3121'.
17:35:14 INFO  : Jtag cable 'Digilent JTAG-HS2 210249854606A' is selected.
17:35:14 INFO  : 'jtag frequency' command is executed.
17:35:14 INFO  : Sourcing of 'D:/SDK_LED_0/SDK_LED_0.sdk/design_1_wrapper_hw_platform_0/ps7_init.tcl' is done.
17:35:14 INFO  : Context for 'APU' is selected.
17:35:45 INFO  : System reset is completed.
17:35:48 INFO  : 'after 3000' command is executed.
17:35:51 ERROR : no targets found with "jtag_cable_name =~ "Digilent JTAG-HS2 210249854606A" && level==0". available targets:
  4  xc7z020
17:35:51 ERROR : Exception occured while running Program FPGA.
java.lang.RuntimeException: no targets found with "jtag_cable_name =~ "Digilent JTAG-HS2 210249854606A" && level==0". available targets:
  4  xc7z020
17:35:51 INFO  : ----------------XSDB Script----------------
connect -url tcp:127.0.0.1:3121
source D:/SDK_LED_0/SDK_LED_0.sdk/design_1_wrapper_hw_platform_0/ps7_init.tcl
targets -set -nocase -filter {name =~"APU*" && jtag_cable_name =~ "Digilent JTAG-HS2 210249854606A"} -index 0
rst -system
after 3000
----------------End of Script----------------

17:36:41 INFO  : Connected to target on host '127.0.0.1' and port '3121'.
17:36:44 INFO  : ----------------XSDB Script----------------
connect -url tcp:127.0.0.1:3121
----------------End of Script----------------

17:36:47 INFO  : Connected to target on host '127.0.0.1' and port '3121'.
17:36:50 INFO  : ----------------XSDB Script----------------
connect -url tcp:127.0.0.1:3121
----------------End of Script----------------

17:37:13 ERROR : no targets found with "jtag_cable_name =~ "Digilent JTAG-HS2 210249854606A" && level==0". available targets:
  4  xc7z020
17:37:47 ERROR : no targets found with "jtag_cable_name =~ "Digilent JTAG-HS2 210249854606A" && level==0". available targets:
  4  xc7z020
17:37:54 ERROR : no targets found with "jtag_cable_name =~ "Digilent JTAG-HS2 210249854606A" && level==0". available targets:
  4  xc7z020
17:38:06 ERROR : no targets found with "jtag_cable_name =~ "Digilent JTAG-HS2 210249854606A" && level==0". available targets:
  4  xc7z020
17:38:23 INFO  : 'targets -set -filter {jtag_cable_name =~ "Digilent JTAG-HS2 210249854606A" && level==0} -index 1' command is executed.
17:38:23 INFO  : 'fpga -state' command is executed.
17:38:23 INFO  : Connected to target on host '127.0.0.1' and port '3121'.
17:38:41 INFO  : Jtag cable 'Digilent JTAG-HS2 210249854606A' is selected.
17:38:41 INFO  : 'jtag frequency' command is executed.
17:38:41 INFO  : Sourcing of 'D:/SDK_LED_0/SDK_LED_0.sdk/design_1_wrapper_hw_platform_0/ps7_init.tcl' is done.
17:38:41 INFO  : Context for 'APU' is selected.
17:38:41 INFO  : Hardware design information is loaded from 'D:/SDK_LED_0/SDK_LED_0.sdk/design_1_wrapper_hw_platform_0/system.hdf'.
17:38:41 INFO  : 'configparams force-mem-access 1' command is executed.
17:38:41 INFO  : Context for 'APU' is selected.
17:38:42 INFO  : 'stop' command is executed.
17:38:42 ERROR : AP transaction error, DAP status f0000021
17:38:42 INFO  : ----------------XSDB Script----------------
connect -url tcp:127.0.0.1:3121
source D:/SDK_LED_0/SDK_LED_0.sdk/design_1_wrapper_hw_platform_0/ps7_init.tcl
targets -set -nocase -filter {name =~"APU*" && jtag_cable_name =~ "Digilent JTAG-HS2 210249854606A"} -index 0
loadhw -hw D:/SDK_LED_0/SDK_LED_0.sdk/design_1_wrapper_hw_platform_0/system.hdf -mem-ranges [list {0x40000000 0xbfffffff}]
configparams force-mem-access 1
targets -set -nocase -filter {name =~"APU*" && jtag_cable_name =~ "Digilent JTAG-HS2 210249854606A"} -index 0
stop
ps7_init
----------------End of Script----------------

17:47:24 INFO  : Registering command handlers for SDK TCF services
17:47:24 INFO  : Launching XSCT server: xsct.bat -interactive D:\SDK_LED_0\SDK_LED_0.sdk\temp_xsdb_launch_script.tcl
17:47:26 INFO  : XSCT server has started successfully.
17:47:26 INFO  : Successfully done setting XSCT server connection channel  
17:47:26 INFO  : Successfully done setting SDK workspace  
17:47:26 INFO  : Processing command line option -hwspec D:/SDK_LED_0/SDK_LED_0.sdk/design_1_wrapper.hdf.
17:47:26 INFO  : Checking for hwspec changes in the project design_1_wrapper_hw_platform_0.
17:47:30 INFO  : SDK has detected change in the last modified timestamps for source hardware specification file Source:1650620722564,  Project:1650617925876
17:47:30 INFO  : The hardware specification for project 'design_1_wrapper_hw_platform_0' is different from D:/SDK_LED_0/SDK_LED_0.sdk/design_1_wrapper.hdf.
17:47:30 INFO  : Copied contents of D:/SDK_LED_0/SDK_LED_0.sdk/design_1_wrapper.hdf into \design_1_wrapper_hw_platform_0\system.hdf.
17:47:33 INFO  : Synchronizing projects in the workspace with the hardware platform specification changes.
17:47:36 INFO  : 
17:47:37 INFO  : Updating hardware inferred compiler options for test_SDK.
17:47:37 INFO  : Clearing existing target manager status.
17:47:56 INFO  : Connected to target on host '127.0.0.1' and port '3121'.
17:48:11 INFO  : Jtag cable 'Digilent JTAG-HS2 210249854606A' is selected.
17:48:11 INFO  : 'jtag frequency' command is executed.
17:48:11 INFO  : Sourcing of 'D:/SDK_LED_0/SDK_LED_0.sdk/design_1_wrapper_hw_platform_0/ps7_init.tcl' is done.
17:48:14 ERROR : no targets found with "name =~"APU*" && jtag_cable_name =~ "Digilent JTAG-HS2 210249854606A"". available targets:
  1  DAP (JTAG port open error. AP transaction error, DAP status 30000021)
  2  xc7z020
17:48:14 INFO  : ----------------XSDB Script----------------
connect -url tcp:127.0.0.1:3121
source D:/SDK_LED_0/SDK_LED_0.sdk/design_1_wrapper_hw_platform_0/ps7_init.tcl
targets -set -nocase -filter {name =~"APU*" && jtag_cable_name =~ "Digilent JTAG-HS2 210249854606A"} -index 0
----------------End of Script----------------

17:48:26 INFO  : Connected to target on host '127.0.0.1' and port '3121'.
17:48:41 INFO  : Jtag cable 'Digilent JTAG-HS2 210249854606A' is selected.
17:48:41 INFO  : 'jtag frequency' command is executed.
17:48:41 INFO  : Sourcing of 'D:/SDK_LED_0/SDK_LED_0.sdk/design_1_wrapper_hw_platform_0/ps7_init.tcl' is done.
17:48:44 ERROR : no targets found with "name =~"APU*" && jtag_cable_name =~ "Digilent JTAG-HS2 210249854606A"". available targets:
  1  DAP (JTAG port open error. AP transaction error, DAP status 30000021)
  2  xc7z020
17:48:44 INFO  : ----------------XSDB Script----------------
connect -url tcp:127.0.0.1:3121
source D:/SDK_LED_0/SDK_LED_0.sdk/design_1_wrapper_hw_platform_0/ps7_init.tcl
targets -set -nocase -filter {name =~"APU*" && jtag_cable_name =~ "Digilent JTAG-HS2 210249854606A"} -index 0
----------------End of Script----------------

17:49:09 INFO  : Connected to target on host '127.0.0.1' and port '3121'.
17:49:25 INFO  : Jtag cable 'Digilent JTAG-HS2 210249854606A' is selected.
17:49:25 INFO  : 'jtag frequency' command is executed.
17:49:25 INFO  : Sourcing of 'D:/SDK_LED_0/SDK_LED_0.sdk/design_1_wrapper_hw_platform_0/ps7_init.tcl' is done.
17:49:28 ERROR : no targets found with "name =~"APU*" && jtag_cable_name =~ "Digilent JTAG-HS2 210249854606A"". available targets:
  1  DAP (JTAG port open error. AP transaction error, DAP status 30000021)
  2  xc7z020
17:49:28 INFO  : ----------------XSDB Script----------------
connect -url tcp:127.0.0.1:3121
source D:/SDK_LED_0/SDK_LED_0.sdk/design_1_wrapper_hw_platform_0/ps7_init.tcl
targets -set -nocase -filter {name =~"APU*" && jtag_cable_name =~ "Digilent JTAG-HS2 210249854606A"} -index 0
----------------End of Script----------------

17:49:37 INFO  : 'targets -set -filter {jtag_cable_name =~ "Digilent JTAG-HS2 210249854606A" && level==0} -index 1' command is executed.
17:49:37 INFO  : 'fpga -state' command is executed.
17:49:37 INFO  : Connected to target on host '127.0.0.1' and port '3121'.
17:49:56 INFO  : Jtag cable 'Digilent JTAG-HS2 210249854606A' is selected.
17:49:56 INFO  : 'jtag frequency' command is executed.
17:49:56 INFO  : Sourcing of 'D:/SDK_LED_0/SDK_LED_0.sdk/design_1_wrapper_hw_platform_0/ps7_init.tcl' is done.
17:49:59 ERROR : no targets found with "name =~"APU*" && jtag_cable_name =~ "Digilent JTAG-HS2 210249854606A"". available targets:
  1  DAP (JTAG port open error. AP transaction error, DAP status 30000021)
  2* xc7z020
17:49:59 INFO  : ----------------XSDB Script----------------
connect -url tcp:127.0.0.1:3121
source D:/SDK_LED_0/SDK_LED_0.sdk/design_1_wrapper_hw_platform_0/ps7_init.tcl
targets -set -nocase -filter {name =~"APU*" && jtag_cable_name =~ "Digilent JTAG-HS2 210249854606A"} -index 0
----------------End of Script----------------

17:50:04 INFO  : Connected to target on host '127.0.0.1' and port '3121'.
17:50:22 INFO  : Jtag cable 'Digilent JTAG-HS2 210249854606A' is selected.
17:50:22 INFO  : 'jtag frequency' command is executed.
17:50:22 INFO  : Sourcing of 'D:/SDK_LED_0/SDK_LED_0.sdk/design_1_wrapper_hw_platform_0/ps7_init.tcl' is done.
17:50:25 ERROR : no targets found with "name =~"APU*" && jtag_cable_name =~ "Digilent JTAG-HS2 210249854606A"". available targets:
  1  DAP (JTAG port open error. AP transaction error, DAP status 30000021)
  2* xc7z020
17:50:25 INFO  : ----------------XSDB Script----------------
connect -url tcp:127.0.0.1:3121
source D:/SDK_LED_0/SDK_LED_0.sdk/design_1_wrapper_hw_platform_0/ps7_init.tcl
targets -set -nocase -filter {name =~"APU*" && jtag_cable_name =~ "Digilent JTAG-HS2 210249854606A"} -index 0
----------------End of Script----------------

17:55:26 INFO  : Registering command handlers for SDK TCF services
17:55:26 INFO  : Launching XSCT server: xsct.bat -interactive D:\SDK_LED_0\SDK_LED_0.sdk\temp_xsdb_launch_script.tcl
17:55:28 INFO  : XSCT server has started successfully.
17:55:28 INFO  : Successfully done setting XSCT server connection channel  
17:55:29 INFO  : Successfully done setting SDK workspace  
17:55:29 INFO  : Processing command line option -hwspec D:/SDK_LED_0/SDK_LED_0.sdk/design_1_wrapper.hdf.
17:55:29 INFO  : Checking for hwspec changes in the project design_1_wrapper_hw_platform_0.
17:55:32 INFO  : SDK has detected change in the last modified timestamps for source hardware specification file Source:1650621297147,  Project:1650620722564
17:55:32 INFO  : The hardware specification for project 'design_1_wrapper_hw_platform_0' is different from D:/SDK_LED_0/SDK_LED_0.sdk/design_1_wrapper.hdf.
17:55:32 INFO  : Copied contents of D:/SDK_LED_0/SDK_LED_0.sdk/design_1_wrapper.hdf into \design_1_wrapper_hw_platform_0\system.hdf.
17:55:56 INFO  : Synchronizing projects in the workspace with the hardware platform specification changes.
17:55:59 INFO  : 
17:56:00 INFO  : Updating hardware inferred compiler options for test_SDK.
17:56:00 INFO  : Clearing existing target manager status.
17:56:09 INFO  : Connected to target on host '127.0.0.1' and port '3121'.
17:56:28 INFO  : Jtag cable 'Digilent JTAG-HS2 210249854606A' is selected.
17:56:28 INFO  : 'jtag frequency' command is executed.
17:56:28 INFO  : Sourcing of 'D:/SDK_LED_0/SDK_LED_0.sdk/design_1_wrapper_hw_platform_0/ps7_init.tcl' is done.
17:56:31 ERROR : no targets found with "name =~"APU*" && jtag_cable_name =~ "Digilent JTAG-HS2 210249854606A"". available targets:
  1  DAP (JTAG port open error. AP transaction error, DAP status 30000021)
  2  xc7z020
17:56:31 INFO  : ----------------XSDB Script----------------
connect -url tcp:127.0.0.1:3121
source D:/SDK_LED_0/SDK_LED_0.sdk/design_1_wrapper_hw_platform_0/ps7_init.tcl
targets -set -nocase -filter {name =~"APU*" && jtag_cable_name =~ "Digilent JTAG-HS2 210249854606A"} -index 0
----------------End of Script----------------

17:56:43 INFO  : Connected to target on host '127.0.0.1' and port '3121'.
17:57:01 INFO  : Jtag cable 'Digilent JTAG-HS2 210249854606A' is selected.
17:57:01 INFO  : 'jtag frequency' command is executed.
17:57:01 INFO  : Sourcing of 'D:/SDK_LED_0/SDK_LED_0.sdk/design_1_wrapper_hw_platform_0/ps7_init.tcl' is done.
17:57:01 INFO  : Context for 'APU' is selected.
17:57:02 INFO  : System reset is completed.
17:57:05 INFO  : 'after 3000' command is executed.
17:57:08 INFO  : 'targets -set -filter {jtag_cable_name =~ "Digilent JTAG-HS2 210249854606A" && level==0} -index 1' command is executed.
17:57:11 INFO  : FPGA configured successfully with bitstream "D:/SDK_LED_0/SDK_LED_0.sdk/design_1_wrapper_hw_platform_0/design_1_wrapper.bit"
17:57:11 INFO  : Context for 'APU' is selected.
17:57:11 INFO  : Hardware design information is loaded from 'D:/SDK_LED_0/SDK_LED_0.sdk/design_1_wrapper_hw_platform_0/system.hdf'.
17:57:11 INFO  : 'configparams force-mem-access 1' command is executed.
17:57:11 INFO  : Context for 'APU' is selected.
17:57:12 INFO  : 'ps7_init' command is executed.
17:57:12 INFO  : 'ps7_post_config' command is executed.
17:57:12 INFO  : Context for processor 'ps7_cortexa9_0' is selected.
17:57:12 INFO  : The application 'D:/SDK_LED_0/SDK_LED_0.sdk/test_SDK/Debug/test_SDK.elf' is downloaded to processor 'ps7_cortexa9_0'.
17:57:12 INFO  : 'configparams force-mem-access 0' command is executed.
17:57:12 INFO  : ----------------XSDB Script----------------
connect -url tcp:127.0.0.1:3121
source D:/SDK_LED_0/SDK_LED_0.sdk/design_1_wrapper_hw_platform_0/ps7_init.tcl
targets -set -nocase -filter {name =~"APU*" && jtag_cable_name =~ "Digilent JTAG-HS2 210249854606A"} -index 0
rst -system
after 3000
targets -set -filter {jtag_cable_name =~ "Digilent JTAG-HS2 210249854606A" && level==0} -index 1
fpga -file D:/SDK_LED_0/SDK_LED_0.sdk/design_1_wrapper_hw_platform_0/design_1_wrapper.bit
targets -set -nocase -filter {name =~"APU*" && jtag_cable_name =~ "Digilent JTAG-HS2 210249854606A"} -index 0
loadhw -hw D:/SDK_LED_0/SDK_LED_0.sdk/design_1_wrapper_hw_platform_0/system.hdf -mem-ranges [list {0x40000000 0xbfffffff}]
configparams force-mem-access 1
targets -set -nocase -filter {name =~"APU*" && jtag_cable_name =~ "Digilent JTAG-HS2 210249854606A"} -index 0
ps7_init
ps7_post_config
targets -set -nocase -filter {name =~ "ARM*#0" && jtag_cable_name =~ "Digilent JTAG-HS2 210249854606A"} -index 0
dow D:/SDK_LED_0/SDK_LED_0.sdk/test_SDK/Debug/test_SDK.elf
configparams force-mem-access 0
----------------End of Script----------------

17:57:12 INFO  : Context for processor 'ps7_cortexa9_0' is selected.
17:57:12 INFO  : 'con' command is executed.
17:57:12 INFO  : ----------------XSDB Script (After Launch)----------------
targets -set -nocase -filter {name =~ "ARM*#0" && jtag_cable_name =~ "Digilent JTAG-HS2 210249854606A"} -index 0
con
----------------End of Script----------------

17:57:12 INFO  : Disconnected from the channel tcfchan#1.
17:58:20 INFO  : Registering command handlers for SDK TCF services
17:58:20 INFO  : Launching XSCT server: xsct.bat -interactive D:\SDK_LED_0\SDK_LED_0.sdk\temp_xsdb_launch_script.tcl
17:58:22 INFO  : XSCT server has started successfully.
17:58:23 INFO  : Successfully done setting XSCT server connection channel  
17:58:23 INFO  : Successfully done setting SDK workspace  
17:58:23 INFO  : Processing command line option -hwspec D:/SDK_LED_0/SDK_LED_0.sdk/design_1_wrapper.hdf.
17:58:23 INFO  : Checking for hwspec changes in the project design_1_wrapper_hw_platform_0.
16:42:09 INFO  : Registering command handlers for SDK TCF services
16:42:09 INFO  : Launching XSCT server: xsct.bat -interactive D:\SDK_LED_0\SDK_LED_0.sdk\temp_xsdb_launch_script.tcl
16:42:12 INFO  : XSCT server has started successfully.
16:42:15 INFO  : Successfully done setting XSCT server connection channel  
16:42:15 INFO  : Successfully done setting SDK workspace  
16:42:15 INFO  : Processing command line option -hwspec D:/SDK_LED_0/SDK_LED_0.sdk/design_1_wrapper.hdf.
16:42:15 INFO  : Checking for hwspec changes in the project design_1_wrapper_hw_platform_0.
16:43:00 INFO  : 'targets -set -filter {jtag_cable_name =~ "Digilent JTAG-HS2 210249854606A" && level==0} -index 1' command is executed.
16:43:00 INFO  : 'fpga -state' command is executed.
16:43:00 INFO  : Connected to target on host '127.0.0.1' and port '3121'.
16:43:19 INFO  : Jtag cable 'Digilent JTAG-HS2 210249854606A' is selected.
16:43:19 INFO  : 'jtag frequency' command is executed.
16:43:19 INFO  : Sourcing of 'D:/SDK_LED_0/SDK_LED_0.sdk/design_1_wrapper_hw_platform_0/ps7_init.tcl' is done.
16:43:19 INFO  : Context for 'APU' is selected.
16:43:19 INFO  : Hardware design information is loaded from 'D:/SDK_LED_0/SDK_LED_0.sdk/design_1_wrapper_hw_platform_0/system.hdf'.
16:43:19 INFO  : 'configparams force-mem-access 1' command is executed.
16:43:19 INFO  : Context for 'APU' is selected.
16:43:19 INFO  : 'stop' command is executed.
16:43:19 INFO  : 'ps7_init' command is executed.
16:43:19 INFO  : 'ps7_post_config' command is executed.
16:43:19 INFO  : Context for processor 'ps7_cortexa9_0' is selected.
16:43:19 INFO  : Processor reset is completed for 'ps7_cortexa9_0'.
16:43:19 INFO  : Context for processor 'ps7_cortexa9_0' is selected.
16:43:20 INFO  : The application 'D:/SDK_LED_0/SDK_LED_0.sdk/test_SDK/Debug/test_SDK.elf' is downloaded to processor 'ps7_cortexa9_0'.
16:43:20 INFO  : 'configparams force-mem-access 0' command is executed.
16:43:20 INFO  : ----------------XSDB Script----------------
connect -url tcp:127.0.0.1:3121
source D:/SDK_LED_0/SDK_LED_0.sdk/design_1_wrapper_hw_platform_0/ps7_init.tcl
targets -set -nocase -filter {name =~"APU*" && jtag_cable_name =~ "Digilent JTAG-HS2 210249854606A"} -index 0
loadhw -hw D:/SDK_LED_0/SDK_LED_0.sdk/design_1_wrapper_hw_platform_0/system.hdf -mem-ranges [list {0x40000000 0xbfffffff}]
configparams force-mem-access 1
targets -set -nocase -filter {name =~"APU*" && jtag_cable_name =~ "Digilent JTAG-HS2 210249854606A"} -index 0
stop
ps7_init
ps7_post_config
targets -set -nocase -filter {name =~ "ARM*#0" && jtag_cable_name =~ "Digilent JTAG-HS2 210249854606A"} -index 0
rst -processor
targets -set -nocase -filter {name =~ "ARM*#0" && jtag_cable_name =~ "Digilent JTAG-HS2 210249854606A"} -index 0
dow D:/SDK_LED_0/SDK_LED_0.sdk/test_SDK/Debug/test_SDK.elf
configparams force-mem-access 0
----------------End of Script----------------

16:43:20 INFO  : Memory regions updated for context APU
16:43:20 INFO  : Context for processor 'ps7_cortexa9_0' is selected.
16:43:20 INFO  : 'con' command is executed.
16:43:20 INFO  : ----------------XSDB Script (After Launch)----------------
targets -set -nocase -filter {name =~ "ARM*#0" && jtag_cable_name =~ "Digilent JTAG-HS2 210249854606A"} -index 0
con
----------------End of Script----------------

16:43:20 INFO  : Launch script is exported to file 'D:\SDK_LED_0\SDK_LED_0.sdk\.sdk\launch_scripts\xilinx_c-c++_application_(system_debugger)\system_debugger_using_debug_test_sdk.elf_on_local.tcl'
16:47:14 INFO  : Disconnected from the channel tcfchan#1.
