#-----------------------------------------------------------
# Vivado v2018.3 (64-bit)
# SW Build 2405991 on Thu Dec  6 23:38:27 MST 2018
# IP Build 2404404 on Fri Dec  7 01:43:56 MST 2018
# Start of session at: Fri Apr 15 13:56:02 2022
# Process ID: 12324
# Current directory: D:/user/桌面/pingpong_speed
# Command line: vivado.exe -gui_launcher_event rodinguilauncherevent10992 D:\user\桌面\pingpong_speed\pingpong.xpr
# Log file: D:/user/桌面/pingpong_speed/vivado.log
# Journal file: D:/user/桌面/pingpong_speed\vivado.jou
#-----------------------------------------------------------
start_gui
open_project D:/user/桌面/pingpong_speed/pingpong.xpr
INFO: [Project 1-313] Project file moved from 'D:/pingpong' since last save.
Scanning sources...
Finished scanning sources
INFO: [IP_Flow 19-234] Refreshing IP repositories
INFO: [IP_Flow 19-1704] No user IP repositories specified
INFO: [IP_Flow 19-2313] Loaded Vivado IP repository 'C:/Xilinx/Vivado/2018.3/data/ip'.
open_project: Time (s): cpu = 00:00:04 ; elapsed = 00:00:08 . Memory (MB): peak = 805.352 ; gain = 189.070
update_compile_order -fileset sources_1
add_files -norecurse D:/user/桌面/pingpong_speed/pingpong.srcs/sources_1/new/CRC3.vhd
update_compile_order -fileset sources_1
update_compile_order -fileset sources_1
reset_run synth_1
launch_runs impl_1 -to_step write_bitstream -jobs 16
[Fri Apr 15 14:11:26 2022] Launched synth_1...
Run output will be captured here: D:/user/桌面/pingpong_speed/pingpong.runs/synth_1/runme.log
[Fri Apr 15 14:11:26 2022] Launched impl_1...
Run output will be captured here: D:/user/桌面/pingpong_speed/pingpong.runs/impl_1/runme.log
reset_run synth_1
launch_runs impl_1 -to_step write_bitstream -jobs 16
[Fri Apr 15 14:12:02 2022] Launched synth_1...
Run output will be captured here: D:/user/桌面/pingpong_speed/pingpong.runs/synth_1/runme.log
[Fri Apr 15 14:12:02 2022] Launched impl_1...
Run output will be captured here: D:/user/桌面/pingpong_speed/pingpong.runs/impl_1/runme.log
reset_run synth_1
launch_runs synth_1 -jobs 16
[Fri Apr 15 14:13:05 2022] Launched synth_1...
Run output will be captured here: D:/user/桌面/pingpong_speed/pingpong.runs/synth_1/runme.log
reset_run synth_1
launch_runs synth_1 -jobs 16
[Fri Apr 15 14:14:16 2022] Launched synth_1...
Run output will be captured here: D:/user/桌面/pingpong_speed/pingpong.runs/synth_1/runme.log
reset_run synth_1
launch_runs impl_1 -to_step write_bitstream -jobs 16
[Fri Apr 15 14:15:18 2022] Launched synth_1...
Run output will be captured here: D:/user/桌面/pingpong_speed/pingpong.runs/synth_1/runme.log
[Fri Apr 15 14:15:18 2022] Launched impl_1...
Run output will be captured here: D:/user/桌面/pingpong_speed/pingpong.runs/impl_1/runme.log
exit
INFO: [Common 17-206] Exiting Vivado at Fri Apr 15 14:15:48 2022...
