#-----------------------------------------------------------
# Vivado v2018.3 (64-bit)
# SW Build 2405991 on Thu Dec  6 23:38:27 MST 2018
# IP Build 2404404 on Fri Dec  7 01:43:56 MST 2018
# Start of session at: Fri Apr 22 23:43:26 2022
# Process ID: 2548
# Current directory: D:/3_河hゅン/110.2_t参垂]p龟策/SYSTEM-ON-CHIP-DESIGN/SourceCode/SDK_LED_0
# Command line: vivado.exe -gui_launcher_event rodinguilauncherevent10308 D:\3_河hゅン\110.2_t参垂]p龟策\SYSTEM-ON-CHIP-DESIGN\SourceCode\SDK_LED_0\SDK_LED_0.xpr
# Log file: D:/3_河hゅン/110.2_t参垂]p龟策/SYSTEM-ON-CHIP-DESIGN/SourceCode/SDK_LED_0/vivado.log
# Journal file: D:/3_河hゅン/110.2_t参垂]p龟策/SYSTEM-ON-CHIP-DESIGN/SourceCode/SDK_LED_0\vivado.jou
#-----------------------------------------------------------
start_gui
open_project D:/3_河hゅン/110.2_t参垂]p龟策/SYSTEM-ON-CHIP-DESIGN/SourceCode/SDK_LED_0/SDK_LED_0.xpr
INFO: [Project 1-313] Project file moved from 'D:/SDK_LED_0' since last save.
Scanning sources...
Finished scanning sources
INFO: [IP_Flow 19-234] Refreshing IP repositories
INFO: [IP_Flow 19-1704] No user IP repositories specified
INFO: [IP_Flow 19-2313] Loaded Vivado IP repository 'C:/Xilinx/Vivado/2018.3/data/ip'.
open_project: Time (s): cpu = 00:00:06 ; elapsed = 00:00:07 . Memory (MB): peak = 852.016 ; gain = 196.129
update_compile_order -fileset sources_1
open_bd_design {D:/3_河hゅン/110.2_t参垂]p龟策/SYSTEM-ON-CHIP-DESIGN/SourceCode/SDK_LED_0/SDK_LED_0.srcs/sources_1/bd/design_1/design_1.bd}
Adding cell -- xilinx.com:ip:processing_system7:5.5 - processing_system7_0
Adding cell -- xilinx.com:ip:axi_gpio:2.0 - axi_gpio_0
Adding cell -- xilinx.com:ip:axi_interconnect:2.1 - ps7_0_axi_periph
Adding cell -- xilinx.com:ip:axi_protocol_converter:2.1 - auto_pc
Adding cell -- xilinx.com:ip:proc_sys_reset:5.0 - rst_ps7_0_50M
Successfully read diagram <design_1> from BD file <D:/3_河hゅン/110.2_t参垂]p龟策/SYSTEM-ON-CHIP-DESIGN/SourceCode/SDK_LED_0/SDK_LED_0.srcs/sources_1/bd/design_1/design_1.bd>
open_bd_design: Time (s): cpu = 00:00:05 ; elapsed = 00:00:06 . Memory (MB): peak = 1071.152 ; gain = 89.391
exit
INFO: [Common 17-206] Exiting Vivado at Fri Apr 22 23:47:54 2022...
