#-----------------------------------------------------------
# Vivado v2018.3 (64-bit)
# SW Build 2405991 on Thu Dec  6 23:38:27 MST 2018
# IP Build 2404404 on Fri Dec  7 01:43:56 MST 2018
# Start of session at: Sun Apr 24 16:41:02 2022
# Process ID: 9148
# Current directory: D:/SDK_LED_0
# Command line: vivado.exe -gui_launcher_event rodinguilauncherevent5292 D:\SDK_LED_0\SDK_LED_0.xpr
# Log file: D:/SDK_LED_0/vivado.log
# Journal file: D:/SDK_LED_0\vivado.jou
#-----------------------------------------------------------
start_gui
open_project D:/SDK_LED_0/SDK_LED_0.xpr
Scanning sources...
Finished scanning sources
INFO: [IP_Flow 19-234] Refreshing IP repositories
INFO: [IP_Flow 19-1704] No user IP repositories specified
INFO: [IP_Flow 19-2313] Loaded Vivado IP repository 'C:/Xilinx/Vivado/2018.3/data/ip'.
open_project: Time (s): cpu = 00:00:04 ; elapsed = 00:00:10 . Memory (MB): peak = 820.996 ; gain = 213.621
update_compile_order -fileset sources_1
INFO: [Vivado 12-4158] Exported Hardware file is out of date. Exported hardware information may be inconsistent with respect to the current state of the design. It is recommended that you re-export the design and launch SDK otherwise SDK is launched with out of date hardware system file.
launch_sdk -workspace D:/SDK_LED_0/SDK_LED_0.sdk -hwspec D:/SDK_LED_0/SDK_LED_0.sdk/design_1_wrapper.hdf
INFO: [Vivado 12-393] Launching SDK...
INFO: [Vivado 12-417] Running xsdk -workspace D:/SDK_LED_0/SDK_LED_0.sdk -hwspec D:/SDK_LED_0/SDK_LED_0.sdk/design_1_wrapper.hdf
INFO: [Vivado 12-3157] SDK launch initiated. Please check console for any further messages.
exit
INFO: [Common 17-206] Exiting Vivado at Sun Apr 24 16:47:18 2022...
